<?xml version="1.0" encoding="UTF-8"?>
<coverage generated="1702075387234" clover="3.2.0">
  <project timestamp="1702075387234" name="All files">
    <metrics statements="27" coveredstatements="20" conditionals="16" coveredconditionals="9" methods="2" coveredmethods="2" elements="45" coveredelements="31" complexity="0" loc="27" ncloc="27" packages="1" files="1" classes="1"/>
    <file name="config.ts" path="/Users/lukelamey/Documents/GitHub/kwil-extensions-typescript/testClient/app/config.ts">
      <metrics statements="27" coveredstatements="20" conditionals="16" coveredconditionals="9" methods="2" coveredmethods="2"/>
      <line num="1" count="1" type="stmt"/>
      <line num="2" count="1" type="stmt"/>
      <line num="3" count="1" type="stmt"/>
      <line num="5" count="1" type="stmt"/>
      <line num="12" count="1" type="stmt"/>
      <line num="40" count="1" type="stmt"/>
      <line num="42" count="1" type="stmt"/>
      <line num="44" count="98" type="cond" truecount="0" falsecount="1"/>
      <line num="45" count="0" type="stmt"/>
      <line num="47" count="98" type="stmt"/>
      <line num="48" count="98" type="stmt"/>
      <line num="50" count="98" type="cond" truecount="3" falsecount="1"/>
      <line num="51" count="98" type="cond" truecount="0" falsecount="1"/>
      <line num="52" count="0" type="stmt"/>
      <line num="55" count="98" type="cond" truecount="3" falsecount="0"/>
      <line num="56" count="9" type="stmt"/>
      <line num="57" count="9" type="stmt"/>
      <line num="60" count="89" type="cond" truecount="3" falsecount="0"/>
      <line num="61" count="89" type="stmt"/>
      <line num="62" count="89" type="stmt"/>
      <line num="63" count="89" type="stmt"/>
      <line num="64" count="89" type="stmt"/>
      <line num="67" count="0" type="cond" truecount="0" falsecount="3"/>
      <line num="68" count="0" type="stmt"/>
      <line num="69" count="0" type="stmt"/>
      <line num="72" count="0" type="cond" truecount="0" falsecount="1"/>
      <line num="73" count="0" type="stmt"/>
    </file>
  </project>
</coverage>
