{"/Users/lukelamey/Documents/Kwil Code/extensions-typescript/testClient/app/config.ts": {"path":"/Users/lukelamey/Documents/Kwil Code/extensions-typescript/testClient/app/config.ts","statementMap":{"0":{"start":{"line":1,"column":0},"end":{"line":1,"column":49}},"1":{"start":{"line":2,"column":0},"end":{"line":2,"column":32}},"2":{"start":{"line":3,"column":0},"end":{"line":3,"column":27}},"3":{"start":{"line":5,"column":13},"end":{"line":9,"column":3}},"4":{"start":{"line":11,"column":17},"end":{"line":11,"column":62}},"5":{"start":{"line":12,"column":13},"end":{"line":12,"column":78}}},"fnMap":{},"branchMap":{},"s":{"0":1,"1":1,"2":1,"3":1,"4":1,"5":1},"f":{},"b":{}}
}
