{"/Users/lukelamey/Documents/GitHub/kwil-extensions-typescript/testClient/app/config.ts": {"path":"/Users/lukelamey/Documents/GitHub/kwil-extensions-typescript/testClient/app/config.ts","statementMap":{"0":{"start":{"line":1,"column":0},"end":{"line":1,"column":49}},"1":{"start":{"line":2,"column":0},"end":{"line":2,"column":45}},"2":{"start":{"line":3,"column":0},"end":{"line":3,"column":27}},"3":{"start":{"line":5,"column":13},"end":{"line":10,"column":3}},"4":{"start":{"line":12,"column":13},"end":{"line":12,"column":68}},"5":{"start":{"line":40,"column":27},"end":{"line":40,"column":28}},"6":{"start":{"line":44,"column":4},"end":{"line":46,"column":null}},"7":{"start":{"line":45,"column":8},"end":{"line":45,"column":44}},"8":{"start":{"line":47,"column":20},"end":{"line":47,"column":43}},"9":{"start":{"line":48,"column":4},"end":{"line":48,"column":null}},"10":{"start":{"line":50,"column":16},"end":{"line":50,"column":43}},"11":{"start":{"line":51,"column":4},"end":{"line":53,"column":null}},"12":{"start":{"line":52,"column":8},"end":{"line":52,"column":null}},"13":{"start":{"line":55,"column":4},"end":{"line":58,"column":null}},"14":{"start":{"line":56,"column":8},"end":{"line":56,"column":25}},"15":{"start":{"line":57,"column":8},"end":{"line":57,"column":15}},"16":{"start":{"line":60,"column":4},"end":{"line":65,"column":null}},"17":{"start":{"line":61,"column":8},"end":{"line":61,"column":null}},"18":{"start":{"line":62,"column":8},"end":{"line":62,"column":23}},"19":{"start":{"line":63,"column":8},"end":{"line":63,"column":63}},"20":{"start":{"line":63,"column":37},"end":{"line":63,"column":61}},"21":{"start":{"line":64,"column":8},"end":{"line":64,"column":38}},"22":{"start":{"line":67,"column":4},"end":{"line":70,"column":null}},"23":{"start":{"line":68,"column":8},"end":{"line":68,"column":null}},"24":{"start":{"line":69,"column":8},"end":{"line":69,"column":54}},"25":{"start":{"line":72,"column":4},"end":{"line":74,"column":null}},"26":{"start":{"line":73,"column":8},"end":{"line":73,"column":55}},"27":{"start":{"line":42,"column":0},"end":{"line":42,"column":22}}},"fnMap":{"0":{"name":"checkTransaction","decl":{"start":{"line":42,"column":22},"end":{"line":42,"column":38}},"loc":{"start":{"line":42,"column":52},"end":{"line":75,"column":null}}},"1":{"name":"(anonymous_9)","decl":{"start":{"line":63,"column":26},"end":{"line":63,"column":33}},"loc":{"start":{"line":63,"column":37},"end":{"line":63,"column":61}}}},"branchMap":{"0":{"loc":{"start":{"line":44,"column":4},"end":{"line":46,"column":null}},"type":"if","locations":[{"start":{"line":44,"column":4},"end":{"line":46,"column":null}}]},"1":{"loc":{"start":{"line":50,"column":16},"end":{"line":50,"column":43}},"type":"cond-expr","locations":[{"start":{"line":50,"column":28},"end":{"line":50,"column":30}},{"start":{"line":50,"column":28},"end":{"line":50,"column":43}}]},"2":{"loc":{"start":{"line":50,"column":16},"end":{"line":50,"column":30}},"type":"binary-expr","locations":[{"start":{"line":50,"column":16},"end":{"line":50,"column":30}},{"start":{"line":50,"column":28},"end":{"line":50,"column":30}}]},"3":{"loc":{"start":{"line":51,"column":4},"end":{"line":53,"column":null}},"type":"if","locations":[{"start":{"line":51,"column":4},"end":{"line":53,"column":null}}]},"4":{"loc":{"start":{"line":55,"column":4},"end":{"line":58,"column":null}},"type":"if","locations":[{"start":{"line":55,"column":4},"end":{"line":58,"column":null}}]},"5":{"loc":{"start":{"line":55,"column":7},"end":{"line":55,"column":50}},"type":"binary-expr","locations":[{"start":{"line":55,"column":7},"end":{"line":55,"column":29}},{"start":{"line":55,"column":33},"end":{"line":55,"column":50}}]},"6":{"loc":{"start":{"line":60,"column":4},"end":{"line":65,"column":null}},"type":"if","locations":[{"start":{"line":60,"column":4},"end":{"line":65,"column":null}}]},"7":{"loc":{"start":{"line":60,"column":7},"end":{"line":60,"column":43}},"type":"binary-expr","locations":[{"start":{"line":60,"column":7},"end":{"line":60,"column":29}},{"start":{"line":60,"column":33},"end":{"line":60,"column":43}}]},"8":{"loc":{"start":{"line":67,"column":4},"end":{"line":70,"column":null}},"type":"if","locations":[{"start":{"line":67,"column":4},"end":{"line":70,"column":null}}]},"9":{"loc":{"start":{"line":67,"column":7},"end":{"line":67,"column":50}},"type":"binary-expr","locations":[{"start":{"line":67,"column":7},"end":{"line":67,"column":29}},{"start":{"line":67,"column":33},"end":{"line":67,"column":50}}]},"10":{"loc":{"start":{"line":72,"column":4},"end":{"line":74,"column":null}},"type":"if","locations":[{"start":{"line":72,"column":4},"end":{"line":74,"column":null}}]}},"s":{"0":1,"1":1,"2":1,"3":1,"4":1,"5":1,"6":98,"7":0,"8":98,"9":98,"10":98,"11":98,"12":0,"13":98,"14":9,"15":9,"16":89,"17":89,"18":89,"19":89,"20":89,"21":89,"22":0,"23":0,"24":0,"25":0,"26":0,"27":1},"f":{"0":98,"1":89},"b":{"0":[0],"1":[0,98],"2":[98,98],"3":[0],"4":[9],"5":[98,98],"6":[89],"7":[89,89],"8":[0],"9":[0,0],"10":[0]}}
}
