TN:
SF:app/config.ts
FN:42,checkTransaction
FN:63,(anonymous_9)
FNF:2
FNH:2
FNDA:98,checkTransaction
FNDA:89,(anonymous_9)
DA:1,1
DA:2,1
DA:3,1
DA:5,1
DA:12,1
DA:40,1
DA:42,1
DA:44,98
DA:45,0
DA:47,98
DA:48,98
DA:50,98
DA:51,98
DA:52,0
DA:55,98
DA:56,9
DA:57,9
DA:60,89
DA:61,89
DA:62,89
DA:63,89
DA:64,89
DA:67,0
DA:68,0
DA:69,0
DA:72,0
DA:73,0
LF:27
LH:20
BRDA:44,0,0,0
BRDA:50,1,0,0
BRDA:50,1,1,98
BRDA:50,2,0,98
BRDA:50,2,1,98
BRDA:51,3,0,0
BRDA:55,4,0,9
BRDA:55,5,0,98
BRDA:55,5,1,98
BRDA:60,6,0,89
BRDA:60,7,0,89
BRDA:60,7,1,89
BRDA:67,8,0,0
BRDA:67,9,0,0
BRDA:67,9,1,0
BRDA:72,10,0,0
BRF:16
BRH:9
end_of_record
